#
# There is insufficient memory for the Java Runtime Environment to continue.
# Native memory allocation (mmap) failed to map 132120576 bytes for G1 virtual space
# Possible reasons:
#   The system is out of physical RAM or swap space
#   The process is running with CompressedOops enabled, and the Java Heap may be blocking the growth of the native heap
# Possible solutions:
#   Reduce memory load on the system
#   Increase physical memory or swap space
#   Check if swap backing store is full
#   Decrease Java heap size (-Xmx/-Xms)
#   Decrease number of Java threads
#   Decrease Java thread stack sizes (-Xss)
#   Set larger code cache with -XX:ReservedCodeCacheSize=
#   JVM is running with Unscaled Compressed Oops mode in which the Java heap is
#     placed in the first 4GB address space. The Java Heap base address is the
#     maximum limit for the native heap growth. Please use -XX:HeapBaseMinAddress
#     to set the Java Heap base and to place the Java Heap above 4GB virtual address.
# This output file may be truncated or incomplete.
#
#  Out of Memory Error (os_windows.cpp:3530), pid=5332, tid=37756
#
# JRE version:  (18.0.2.1+1) (build )
# Java VM: Java HotSpot(TM) 64-Bit Server VM (18.0.2.1+1-1, mixed mode, sharing, tiered, compressed oops, compressed class ptrs, g1 gc, windows-amd64)
# No core dump will be written. Minidumps are not enabled by default on client versions of Windows
#

---------------  S U M M A R Y ------------

Command Line: -Dfile.encoding=UTF-8 -XX:+ShowCodeDetailsInExceptionMessages Pro3_ebrah167

Host: Intel(R) Core(TM) i5-1035G1 CPU @ 1.00GHz, 8 cores, 7G,  Windows 11 , 64 bit Build 22000 (10.0.22000.708)
Time: Tue Oct 11 21:32:32 2022 Eastern Daylight Time elapsed time: 0.019759 seconds (0d 0h 0m 0s)

---------------  T H R E A D  ---------------

Current thread (0x000002014fd313b0):  JavaThread "Unknown thread" [_thread_in_vm, id=37756, stack(0x0000007beed00000,0x0000007beee00000)]

Stack: [0x0000007beed00000,0x0000007beee00000]
Native frames: (J=compiled Java code, j=interpreted, Vv=VM code, C=native code)
V  [jvm.dll+0x6993aa]
V  [jvm.dll+0x7f46dd]
V  [jvm.dll+0x7f5fee]
V  [jvm.dll+0x7f66a3]
V  [jvm.dll+0x25cf1f]
V  [jvm.dll+0x6962f9]
V  [jvm.dll+0x68ae2a]
V  [jvm.dll+0x32255b]
V  [jvm.dll+0x329f36]
V  [jvm.dll+0x37eade]
V  [jvm.dll+0x37ed0f]
V  [jvm.dll+0x2fa2da]
V  [jvm.dll+0x2fb33d]
V  [jvm.dll+0x7c3310]
V  [jvm.dll+0x38be61]
V  [jvm.dll+0x7a2023]
V  [jvm.dll+0x40dc3f]
V  [jvm.dll+0x40f611]
C  [jli.dll+0x526b]
C  [ucrtbase.dll+0x26c0c]
C  [KERNEL32.DLL+0x154e0]
C  [ntdll.dll+0x485b]


---------------  P R O C E S S  ---------------

Threads class SMR info:
_java_thread_list=0x00007ffd5207e550, length=0, elements={
}

Java Threads: ( => current thread )

Other Threads:
  0x000002014fd92f00 WorkerThread "GC Thread#0" [stack: 0x0000007beee00000,0x0000007beef00000] [id=25076]
  0x000002014fda3770 ConcurrentGCThread "G1 Main Marker" [stack: 0x0000007beef00000,0x0000007bef000000] [id=9932]
  0x000002014fda4160 WorkerThread "G1 Conc#0" [stack: 0x0000007bef000000,0x0000007bef100000] [id=27768]

[error occurred during error reporting (printing all threads), id 0xc0000005, EXCEPTION_ACCESS_VIOLATION (0xc0000005) at pc=0x00007ffd518aa877]

VM state: not at safepoint (not fully initialized)

VM Mutex/Monitor currently owned by a thread:  ([mutex/lock_event])
[0x000002014fd2c9d0] Heap_lock - owner thread: 0x000002014fd313b0

Heap address: 0x0000000083600000, size: 1994 MB, Compressed Oops mode: 32-bit

CDS archive(s) mapped at: [0x0000000000000000-0x0000000000000000-0x0000000000000000), size 0, SharedBaseAddress: 0x0000000800000000, ArchiveRelocationMode: 0.
Narrow klass base: 0x0000000000000000, Narrow klass shift: 0, Narrow klass range: 0x0

GC Precious Log:
 CardTable entry size: 512
 Card Set container configuration: InlinePtr #cards 5 size 8 Array Of Cards #cards 12 size 40 Howl #buckets 4 coarsen threshold 1843 Howl Bitmap #cards 512 size 80 coarsen threshold 460 Card regions per heap region 1 cards per card region 2048

Heap:
 garbage-first heap   total 0K, used 0K [0x0000000083600000, 0x0000000100000000)
  region size 1024K, 0 young (0K), 0 survivors (0K)

[error occurred during error reporting (printing heap information), id 0xc0000005, EXCEPTION_ACCESS_VIOLATION (0xc0000005) at pc=0x00007ffd51c91839]

GC Heap History (0 events):
No events

Deoptimization events (0 events):
No events

Classes loaded (0 events):
No events

Classes unloaded (0 events):
No events

Classes redefined (0 events):
No events

Internal exceptions (0 events):
No events

VM Operations (0 events):
No events

Events (1 events):
Event: 0.014 Loaded shared library C:\Program Files\Java\jdk-18.0.2.1\bin\java.dll


Dynamic libraries:
0x00007ff758450000 - 0x00007ff758460000 	C:\Program Files\Java\jdk-18.0.2.1\bin\javaw.exe
0x00007ffe1e800000 - 0x00007ffe1ea09000 	C:\WINDOWS\SYSTEM32\ntdll.dll
0x00007ffe1d4a0000 - 0x00007ffe1d55d000 	C:\WINDOWS\System32\KERNEL32.DLL
0x00007ffe1bdb0000 - 0x00007ffe1c12c000 	C:\WINDOWS\System32\KERNELBASE.dll
0x00007ffe1c400000 - 0x00007ffe1c511000 	C:\WINDOWS\System32\ucrtbase.dll
0x00007ffe0cbc0000 - 0x00007ffe0cbd8000 	C:\Program Files\Java\jdk-18.0.2.1\bin\jli.dll
0x00007ffe14340000 - 0x00007ffe1435a000 	C:\Program Files\Java\jdk-18.0.2.1\bin\VCRUNTIME140.dll
0x00007ffe1e1e0000 - 0x00007ffe1e28e000 	C:\WINDOWS\System32\ADVAPI32.dll
0x00007ffe1ce90000 - 0x00007ffe1cf33000 	C:\WINDOWS\System32\msvcrt.dll
0x00007ffe1caf0000 - 0x00007ffe1cb8e000 	C:\WINDOWS\System32\sechost.dll
0x00007ffe1cb90000 - 0x00007ffe1ccb0000 	C:\WINDOWS\System32\RPCRT4.dll
0x00007ffe1ccd0000 - 0x00007ffe1ce7d000 	C:\WINDOWS\System32\USER32.dll
0x00007ffe1bd80000 - 0x00007ffe1bda6000 	C:\WINDOWS\System32\win32u.dll
0x00007ffe00880000 - 0x00007ffe00b25000 	C:\WINDOWS\WinSxS\amd64_microsoft.windows.common-controls_6595b64144ccf1df_6.0.22000.120_none_9d947278b86cc467\COMCTL32.dll
0x00007ffe1d410000 - 0x00007ffe1d439000 	C:\WINDOWS\System32\GDI32.dll
0x00007ffe1c130000 - 0x00007ffe1c249000 	C:\WINDOWS\System32\gdi32full.dll
0x00007ffe1bce0000 - 0x00007ffe1bd7d000 	C:\WINDOWS\System32\msvcp_win.dll
0x00007ffe13880000 - 0x00007ffe1388a000 	C:\WINDOWS\SYSTEM32\VERSION.dll
0x00007ffe1de20000 - 0x00007ffe1de51000 	C:\WINDOWS\System32\IMM32.DLL
0x00007ffe12990000 - 0x00007ffe1299c000 	C:\Program Files\Java\jdk-18.0.2.1\bin\vcruntime140_1.dll
0x00007ffdd27f0000 - 0x00007ffdd287d000 	C:\Program Files\Java\jdk-18.0.2.1\bin\msvcp140.dll
0x00007ffd515a0000 - 0x00007ffd521b1000 	C:\Program Files\Java\jdk-18.0.2.1\bin\server\jvm.dll
0x00007ffe1e6c0000 - 0x00007ffe1e6c8000 	C:\WINDOWS\System32\PSAPI.DLL
0x00007ffe13380000 - 0x00007ffe133b3000 	C:\WINDOWS\SYSTEM32\WINMM.dll
0x00007ffe11050000 - 0x00007ffe11059000 	C:\WINDOWS\SYSTEM32\WSOCK32.dll
0x00007ffe1c850000 - 0x00007ffe1c8bf000 	C:\WINDOWS\System32\WS2_32.dll
0x00007ffe1ae40000 - 0x00007ffe1ae58000 	C:\WINDOWS\SYSTEM32\kernel.appcore.dll
0x00007ffe0cbb0000 - 0x00007ffe0cbba000 	C:\Program Files\Java\jdk-18.0.2.1\bin\jimage.dll
0x00007ffe167e0000 - 0x00007ffe16a01000 	C:\WINDOWS\SYSTEM32\DBGHELP.DLL
0x00007ffdfce40000 - 0x00007ffdfce71000 	C:\WINDOWS\SYSTEM32\dbgcore.DLL
0x00007ffe1c250000 - 0x00007ffe1c2cf000 	C:\WINDOWS\System32\bcryptPrimitives.dll
0x00007ffe037c0000 - 0x00007ffe037e5000 	C:\Program Files\Java\jdk-18.0.2.1\bin\java.dll

dbghelp: loaded successfully - version: 4.0.5 - missing functions: none
symbol engine: initialized successfully - sym options: 0x614 - pdb path: .;C:\Program Files\Java\jdk-18.0.2.1\bin;C:\WINDOWS\SYSTEM32;C:\WINDOWS\WinSxS\amd64_microsoft.windows.common-controls_6595b64144ccf1df_6.0.22000.120_none_9d947278b86cc467;C:\Program Files\Java\jdk-18.0.2.1\bin\server

VM Arguments:
jvm_args: -Dfile.encoding=UTF-8 -XX:+ShowCodeDetailsInExceptionMessages 
java_command: Pro3_ebrah167
java_class_path (initial): C:\Users\houma\eclipse-workspace\Pro3_ebrah167\bin
Launcher Type: SUN_STANDARD

[Global flags]
     intx CICompilerCount                          = 4                                         {product} {ergonomic}
     uint ConcGCThreads                            = 2                                         {product} {ergonomic}
     uint G1ConcRefinementThreads                  = 8                                         {product} {ergonomic}
   size_t G1HeapRegionSize                         = 1048576                                   {product} {ergonomic}
    uintx GCDrainStackTargetSize                   = 64                                        {product} {ergonomic}
   size_t InitialHeapSize                          = 132120576                                 {product} {ergonomic}
   size_t MarkStackSize                            = 4194304                                   {product} {ergonomic}
   size_t MaxHeapSize                              = 2090860544                                {product} {ergonomic}
   size_t MinHeapDeltaBytes                        = 1048576                                   {product} {ergonomic}
   size_t MinHeapSize                              = 8388608                                   {product} {ergonomic}
    uintx NonNMethodCodeHeapSize                   = 5839372                                {pd product} {ergonomic}
    uintx NonProfiledCodeHeapSize                  = 122909434                              {pd product} {ergonomic}
    uintx ProfiledCodeHeapSize                     = 122909434                              {pd product} {ergonomic}
    uintx ReservedCodeCacheSize                    = 251658240                              {pd product} {ergonomic}
     bool SegmentedCodeCache                       = true                                      {product} {ergonomic}
     bool ShowCodeDetailsInExceptionMessages       = true                                   {manageable} {command line}
   size_t SoftMaxHeapSize                          = 2090860544                             {manageable} {ergonomic}
     bool UseCompressedClassPointers               = true                           {product lp64_product} {ergonomic}
     bool UseCompressedOops                        = true                           {product lp64_product} {ergonomic}
     bool UseG1GC                                  = true                                      {product} {ergonomic}
     bool UseLargePagesIndividualAllocation        = false                                  {pd product} {ergonomic}

Logging:
Log output configuration:
 #0: stdout all=warning uptime,level,tags foldmultilines=false
 #1: stderr all=off uptime,level,tags foldmultilines=false

Environment Variables:
PATH=C:/Users/houma/.p2/pool/plugins/org.eclipse.justj.openjdk.hotspot.jre.full.win32.x86_64_17.0.4.v20220903-1038/jre/bin/server;C:/Users/houma/.p2/pool/plugins/org.eclipse.justj.openjdk.hotspot.jre.full.win32.x86_64_17.0.4.v20220903-1038/jre/bin;C:\Program Files\Common Files\Oracle\Java\javapath;C:\Program Files\Microsoft\jdk-11.0.12.7-hotspot\bin;C:\Program Files\Eclipse Foundation\jdk-8.0.302.8-hotspot\bin;C:\Program Files (x86)\Common Files\Oracle\Java\javapath;C:\ProgramData\Oracle\Java\javapath;C:\Program Files (x86)\Embarcadero\Studio\20.0\bin;C:\Users\Public\Documents\Embarcadero\Studio\20.0\Bpl;C:\Program Files (x86)\Embarcadero\Studio\20.0\bin64;C:\Users\Public\Documents\Embarcadero\Studio\20.0\Bpl\Win64;C:\WINDOWS\system32;C:\WINDOWS;C:\WINDOWS\System32\Wbem;C:\WINDOWS\System32\WindowsPowerShell\v1.0\;C:\WINDOWS\System32\OpenSSH\;search-ms:displayname=Search%20Results%20in%20Program%20Files%20(x86)&crumb=location:C%3A%5CProgram%20Files%20(x86)\Python38-32\Scripts\;C:\Program Files (x86)\Windows Kits\10\Windows Performance Toolkit\;C:\Program Files\Microsoft SQL Server\130\Tools\Binn\;C:\Program Files (x86)\Incredibuild;C:\GDL\SDL2-devel-2.0.14-VC\SDL2-2.0.14\lib\x64;C:\Program Files\Microsoft SQL Server\Client SDK\ODBC\170\Tools\Binn\;C:\Program Files\MATLAB\R2021a\bin;C:\Program Files\PuTTY\;C:\Program Files\dotnet\;C:\Program Files\Microsoft SQL Server\150\Tools\Binn\;C:\Program Files\Java\jdk-17.0.4.1\bin;C:\Users\houma\Downloads\scripts-up-to-java19.zip\scripts;C:\Users\houma\AppData\Local\Microsoft\WindowsApps;search-ms:displayname=Search%20Results%20in%20Program%20Files%20(x86)&crumb=location:C%3A%5CProgram%20Files%20(x86)\Python38-32\Scripts\;C:\Program Files (x86)\Python38-32;C:\Program Files (x86)\Python38-32\Scripts;C:\Users\houma\.dotnet\tools;C:\Users\houma\AppData\Local\atom\bin;C:\Users\houma\AppData\Local\Microsoft\WindowsApps;C:\Users\houma\.dotnet\tools;C:\opencv\build\x64\vc15\bin;C:\Users\houma\AppData\Local\Programs\Microsoft VS Code\bin;C:\Program Files\Java\jdk-18.0.2.1\bin;;C:\WINDOWS\System32;
USERNAME=houma
OS=Windows_NT
PROCESSOR_IDENTIFIER=Intel64 Family 6 Model 126 Stepping 5, GenuineIntel



---------------  S Y S T E M  ---------------

OS:
 Windows 11 , 64 bit Build 22000 (10.0.22000.708)
OS uptime: 6 days 12:48 hours

CPU: total 8 (initial active 8) (4 cores per cpu, 2 threads per core) family 6 model 126 stepping 5 microcode 0x86, cx8, cmov, fxsr, ht, mmx, 3dnowpref, sse, sse2, sse3, ssse3, sse4.1, sse4.2, popcnt, lzcnt, tsc, tscinvbit, avx, avx2, aes, erms, clmul, bmi1, bmi2, adx, avx512f, avx512dq, avx512cd, avx512bw, avx512vl, sha, fma, vzeroupper, avx512_vpopcntdq, avx512_vpclmulqdq, avx512_vaes, avx512_vnni, clflush, clflushopt, avx512_vbmi2, avx512_vbmi

Memory: 4k page, system-wide physical 7973M (696M free)
TotalPageFile size 32549M (AvailPageFile size 6M)
current process WorkingSet (physical memory assigned to process): 10M, peak: 10M
current process commit charge ("private bytes"): 60M, peak: 186M

vm_info: Java HotSpot(TM) 64-Bit Server VM (18.0.2.1+1-1) for windows-amd64 JRE (18.0.2.1+1-1), built on Aug 16 2022 01:46:33 by "mach5one" with MS VC++ 16.8 / 16.9 (VS2019)

END.
