#
# There is insufficient memory for the Java Runtime Environment to continue.
# Native memory allocation (malloc) failed to allocate 1048576 bytes for AllocateHeap
# Possible reasons:
#   The system is out of physical RAM or swap space
#   The process is running with CompressedOops enabled, and the Java Heap may be blocking the growth of the native heap
# Possible solutions:
#   Reduce memory load on the system
#   Increase physical memory or swap space
#   Check if swap backing store is full
#   Decrease Java heap size (-Xmx/-Xms)
#   Decrease number of Java threads
#   Decrease Java thread stack sizes (-Xss)
#   Set larger code cache with -XX:ReservedCodeCacheSize=
#   JVM is running with Unscaled Compressed Oops mode in which the Java heap is
#     placed in the first 4GB address space. The Java Heap base address is the
#     maximum limit for the native heap growth. Please use -XX:HeapBaseMinAddress
#     to set the Java Heap base and to place the Java Heap above 4GB virtual address.
# This output file may be truncated or incomplete.
#
#  Out of Memory Error (allocation.cpp:44), pid=2032, tid=24600
#
# JRE version:  (18.0.2.1+1) (build )
# Java VM: Java HotSpot(TM) 64-Bit Server VM (18.0.2.1+1-1, mixed mode, sharing, tiered, compressed oops, compressed class ptrs, g1 gc, windows-amd64)
# No core dump will be written. Minidumps are not enabled by default on client versions of Windows
#

---------------  S U M M A R Y ------------

Command Line: -Dfile.encoding=UTF-8 -XX:+ShowCodeDetailsInExceptionMessages Pro3_ebrah167

Host: Intel(R) Core(TM) i5-1035G1 CPU @ 1.00GHz, 8 cores, 7G,  Windows 11 , 64 bit Build 22000 (10.0.22000.708)
Time: Fri Oct 14 19:26:26 2022 Eastern Daylight Time elapsed time: 0.012874 seconds (0d 0h 0m 0s)

---------------  T H R E A D  ---------------

Current thread (0x000002873dc81550):  JavaThread "Unknown thread" [_thread_in_vm, id=24600, stack(0x000000f32fe00000,0x000000f32ff00000)]

Stack: [0x000000f32fe00000,0x000000f32ff00000]
Native frames: (J=compiled Java code, j=interpreted, Vv=VM code, C=native code)
V  [jvm.dll+0x6993aa]
V  [jvm.dll+0x7f46dd]
V  [jvm.dll+0x7f5fee]
V  [jvm.dll+0x7f66a3]
V  [jvm.dll+0x25cf1f]
V  [jvm.dll+0xb31af]
V  [jvm.dll+0x302c19]
V  [jvm.dll+0x2fb313]
V  [jvm.dll+0x7c3310]
V  [jvm.dll+0x38be61]
V  [jvm.dll+0x7a2023]
V  [jvm.dll+0x40dc3f]
V  [jvm.dll+0x40f611]
C  [jli.dll+0x526b]
C  [ucrtbase.dll+0x26c0c]
C  [KERNEL32.DLL+0x154e0]
C  [ntdll.dll+0x485b]


---------------  P R O C E S S  ---------------

Threads class SMR info:
_java_thread_list=0x00007ffd9198e550, length=0, elements={
}

Java Threads: ( => current thread )

Other Threads:
  0x000002873dce30a0 WorkerThread "GC Thread#0" [stack: 0x000000f32ff00000,0x000000f330000000] [id=608]

[error occurred during error reporting (printing all threads), id 0xc0000005, EXCEPTION_ACCESS_VIOLATION (0xc0000005) at pc=0x00007ffd911b7e40]

VM state: not at safepoint (not fully initialized)

VM Mutex/Monitor currently owned by a thread:  ([mutex/lock_event])
[0x000002873dc7b780] Heap_lock - owner thread: 0x000002873dc81550

Heap address: 0x0000000083600000, size: 1994 MB, Compressed Oops mode: 32-bit

CDS archive(s) mapped at: [0x0000000000000000-0x0000000000000000-0x0000000000000000), size 0, SharedBaseAddress: 0x0000000800000000, ArchiveRelocationMode: 0.
Narrow klass base: 0x0000000000000000, Narrow klass shift: 0, Narrow klass range: 0x0

GC Precious Log:
 CardTable entry size: 512
 Card Set container configuration: InlinePtr #cards 5 size 8 Array Of Cards #cards 12 size 40 Howl #buckets 4 coarsen threshold 1843 Howl Bitmap #cards 512 size 80 coarsen threshold 460 Card regions per heap region 1 cards per card region 2048

Heap:
 garbage-first heap   total 0K, used 0K [0x0000000083600000, 0x0000000100000000)
  region size 1024K, 0 young (0K), 0 survivors (0K)

[error occurred during error reporting (printing heap information), id 0xc0000005, EXCEPTION_ACCESS_VIOLATION (0xc0000005) at pc=0x00007ffd915a1839]

GC Heap History (0 events):
No events

Deoptimization events (0 events):
No events

Classes loaded (0 events):
No events

Classes unloaded (0 events):
No events

Classes redefined (0 events):
No events

Internal exceptions (0 events):
No events

VM Operations (0 events):
No events

Events (1 events):
Event: 0.008 Loaded shared library C:\Program Files\Java\jdk-18.0.2.1\bin\java.dll


Dynamic libraries:
0x00007ff73aea0000 - 0x00007ff73aeb0000 	C:\Program Files\Java\jdk-18.0.2.1\bin\javaw.exe
0x00007ffde3b00000 - 0x00007ffde3d09000 	C:\WINDOWS\SYSTEM32\ntdll.dll
0x00007ffde3190000 - 0x00007ffde324d000 	C:\WINDOWS\System32\KERNEL32.DLL
0x00007ffde1130000 - 0x00007ffde14ac000 	C:\WINDOWS\System32\KERNELBASE.dll
0x00007ffde1010000 - 0x00007ffde1121000 	C:\WINDOWS\System32\ucrtbase.dll
0x00007ffdc2070000 - 0x00007ffdc2088000 	C:\Program Files\Java\jdk-18.0.2.1\bin\jli.dll
0x00007ffde3250000 - 0x00007ffde32fe000 	C:\WINDOWS\System32\ADVAPI32.dll
0x00007ffdcfef0000 - 0x00007ffdcff0a000 	C:\Program Files\Java\jdk-18.0.2.1\bin\VCRUNTIME140.dll
0x00007ffde19a0000 - 0x00007ffde1a43000 	C:\WINDOWS\System32\msvcrt.dll
0x00007ffde3650000 - 0x00007ffde36ee000 	C:\WINDOWS\System32\sechost.dll
0x00007ffde2920000 - 0x00007ffde2a40000 	C:\WINDOWS\System32\RPCRT4.dll
0x00007ffde2ef0000 - 0x00007ffde309d000 	C:\WINDOWS\System32\USER32.dll
0x00007ffde0fe0000 - 0x00007ffde1006000 	C:\WINDOWS\System32\win32u.dll
0x00007ffdc3aa0000 - 0x00007ffdc3d45000 	C:\WINDOWS\WinSxS\amd64_microsoft.windows.common-controls_6595b64144ccf1df_6.0.22000.120_none_9d947278b86cc467\COMCTL32.dll
0x00007ffde2a50000 - 0x00007ffde2a79000 	C:\WINDOWS\System32\GDI32.dll
0x00007ffde1750000 - 0x00007ffde1869000 	C:\WINDOWS\System32\gdi32full.dll
0x00007ffde1870000 - 0x00007ffde190d000 	C:\WINDOWS\System32\msvcp_win.dll
0x00007ffdd8410000 - 0x00007ffdd841a000 	C:\WINDOWS\SYSTEM32\VERSION.dll
0x00007ffde1bb0000 - 0x00007ffde1be1000 	C:\WINDOWS\System32\IMM32.DLL
0x00007ffdda3e0000 - 0x00007ffdda3ec000 	C:\Program Files\Java\jdk-18.0.2.1\bin\vcruntime140_1.dll
0x00007ffdbcce0000 - 0x00007ffdbcd6d000 	C:\Program Files\Java\jdk-18.0.2.1\bin\msvcp140.dll
0x00007ffd90eb0000 - 0x00007ffd91ac1000 	C:\Program Files\Java\jdk-18.0.2.1\bin\server\jvm.dll
0x00007ffde1990000 - 0x00007ffde1998000 	C:\WINDOWS\System32\PSAPI.DLL
0x00007ffdd73e0000 - 0x00007ffdd7413000 	C:\WINDOWS\SYSTEM32\WINMM.dll
0x00007ffdd4b50000 - 0x00007ffdd4b59000 	C:\WINDOWS\SYSTEM32\WSOCK32.dll
0x00007ffde38b0000 - 0x00007ffde391f000 	C:\WINDOWS\System32\WS2_32.dll
0x00007ffde00d0000 - 0x00007ffde00e8000 	C:\WINDOWS\SYSTEM32\kernel.appcore.dll
0x00007ffdd71c0000 - 0x00007ffdd71ca000 	C:\Program Files\Java\jdk-18.0.2.1\bin\jimage.dll
0x00007ffddba70000 - 0x00007ffddbc91000 	C:\WINDOWS\SYSTEM32\DBGHELP.DLL
0x00007ffdc2540000 - 0x00007ffdc2571000 	C:\WINDOWS\SYSTEM32\dbgcore.DLL
0x00007ffde1910000 - 0x00007ffde198f000 	C:\WINDOWS\System32\bcryptPrimitives.dll
0x00007ffdbe160000 - 0x00007ffdbe185000 	C:\Program Files\Java\jdk-18.0.2.1\bin\java.dll

dbghelp: loaded successfully - version: 4.0.5 - missing functions: none
symbol engine: initialized successfully - sym options: 0x614 - pdb path: .;C:\Program Files\Java\jdk-18.0.2.1\bin;C:\WINDOWS\SYSTEM32;C:\WINDOWS\WinSxS\amd64_microsoft.windows.common-controls_6595b64144ccf1df_6.0.22000.120_none_9d947278b86cc467;C:\Program Files\Java\jdk-18.0.2.1\bin\server

VM Arguments:
jvm_args: -Dfile.encoding=UTF-8 -XX:+ShowCodeDetailsInExceptionMessages 
java_command: Pro3_ebrah167
java_class_path (initial): C:\Users\houma\eclipse-workspace\Pro3_ebrah167\bin
Launcher Type: SUN_STANDARD

[Global flags]
     intx CICompilerCount                          = 4                                         {product} {ergonomic}
     uint ConcGCThreads                            = 2                                         {product} {ergonomic}
     uint G1ConcRefinementThreads                  = 8                                         {product} {ergonomic}
   size_t G1HeapRegionSize                         = 1048576                                   {product} {ergonomic}
    uintx GCDrainStackTargetSize                   = 64                                        {product} {ergonomic}
   size_t InitialHeapSize                          = 132120576                                 {product} {ergonomic}
   size_t MarkStackSize                            = 4194304                                   {product} {ergonomic}
   size_t MaxHeapSize                              = 2090860544                                {product} {ergonomic}
   size_t MinHeapDeltaBytes                        = 1048576                                   {product} {ergonomic}
   size_t MinHeapSize                              = 8388608                                   {product} {ergonomic}
    uintx NonNMethodCodeHeapSize                   = 5839372                                {pd product} {ergonomic}
    uintx NonProfiledCodeHeapSize                  = 122909434                              {pd product} {ergonomic}
    uintx ProfiledCodeHeapSize                     = 122909434                              {pd product} {ergonomic}
    uintx ReservedCodeCacheSize                    = 251658240                              {pd product} {ergonomic}
     bool SegmentedCodeCache                       = true                                      {product} {ergonomic}
     bool ShowCodeDetailsInExceptionMessages       = true                                   {manageable} {command line}
   size_t SoftMaxHeapSize                          = 2090860544                             {manageable} {ergonomic}
     bool UseCompressedClassPointers               = true                           {product lp64_product} {ergonomic}
     bool UseCompressedOops                        = true                           {product lp64_product} {ergonomic}
     bool UseG1GC                                  = true                                      {product} {ergonomic}
     bool UseLargePagesIndividualAllocation        = false                                  {pd product} {ergonomic}

Logging:
Log output configuration:
 #0: stdout all=warning uptime,level,tags foldmultilines=false
 #1: stderr all=off uptime,level,tags foldmultilines=false

Environment Variables:
PATH=C:/Users/houma/.p2/pool/plugins/org.eclipse.justj.openjdk.hotspot.jre.full.win32.x86_64_17.0.4.v20220903-1038/jre/bin/server;C:/Users/houma/.p2/pool/plugins/org.eclipse.justj.openjdk.hotspot.jre.full.win32.x86_64_17.0.4.v20220903-1038/jre/bin;C:\Program Files\Common Files\Oracle\Java\javapath;C:\Program Files\Microsoft\jdk-11.0.12.7-hotspot\bin;C:\Program Files\Eclipse Foundation\jdk-8.0.302.8-hotspot\bin;C:\Program Files (x86)\Common Files\Oracle\Java\javapath;C:\ProgramData\Oracle\Java\javapath;C:\Program Files (x86)\Embarcadero\Studio\20.0\bin;C:\Users\Public\Documents\Embarcadero\Studio\20.0\Bpl;C:\Program Files (x86)\Embarcadero\Studio\20.0\bin64;C:\Users\Public\Documents\Embarcadero\Studio\20.0\Bpl\Win64;C:\WINDOWS\system32;C:\WINDOWS;C:\WINDOWS\System32\Wbem;C:\WINDOWS\System32\WindowsPowerShell\v1.0\;C:\WINDOWS\System32\OpenSSH\;search-ms:displayname=Search%20Results%20in%20Program%20Files%20(x86)&crumb=location:C%3A%5CProgram%20Files%20(x86)\Python38-32\Scripts\;C:\Program Files (x86)\Windows Kits\10\Windows Performance Toolkit\;C:\Program Files\Microsoft SQL Server\130\Tools\Binn\;C:\Program Files (x86)\Incredibuild;C:\GDL\SDL2-devel-2.0.14-VC\SDL2-2.0.14\lib\x64;C:\Program Files\Microsoft SQL Server\Client SDK\ODBC\170\Tools\Binn\;C:\Program Files\MATLAB\R2021a\bin;C:\Program Files\PuTTY\;C:\Program Files\dotnet\;C:\Program Files\Microsoft SQL Server\150\Tools\Binn\;C:\Program Files\Java\jdk-17.0.4.1\bin;C:\Users\houma\Downloads\scripts-up-to-java19.zip\scripts;C:\Users\houma\AppData\Local\Microsoft\WindowsApps;search-ms:displayname=Search%20Results%20in%20Program%20Files%20(x86)&crumb=location:C%3A%5CProgram%20Files%20(x86)\Python38-32\Scripts\;C:\Program Files (x86)\Python38-32;C:\Program Files (x86)\Python38-32\Scripts;C:\Users\houma\.dotnet\tools;C:\Users\houma\AppData\Local\atom\bin;C:\Users\houma\AppData\Local\Microsoft\WindowsApps;C:\Users\houma\.dotnet\tools;C:\opencv\build\x64\vc15\bin;C:\Users\houma\AppData\Local\Programs\Microsoft VS Code\bin;C:\Program Files\Java\jdk-18.0.2.1\bin;;C:\WINDOWS\System32;
USERNAME=houma
OS=Windows_NT
PROCESSOR_IDENTIFIER=Intel64 Family 6 Model 126 Stepping 5, GenuineIntel



---------------  S Y S T E M  ---------------

OS:
 Windows 11 , 64 bit Build 22000 (10.0.22000.708)
OS uptime: 2 days 6:13 hours

CPU: total 8 (initial active 8) (4 cores per cpu, 2 threads per core) family 6 model 126 stepping 5 microcode 0x86, cx8, cmov, fxsr, ht, mmx, 3dnowpref, sse, sse2, sse3, ssse3, sse4.1, sse4.2, popcnt, lzcnt, tsc, tscinvbit, avx, avx2, aes, erms, clmul, bmi1, bmi2, adx, avx512f, avx512dq, avx512cd, avx512bw, avx512vl, sha, fma, vzeroupper, avx512_vpopcntdq, avx512_vpclmulqdq, avx512_vaes, avx512_vnni, clflush, clflushopt, avx512_vbmi2, avx512_vbmi

Memory: 4k page, system-wide physical 7973M (782M free)
TotalPageFile size 32549M (AvailPageFile size 5M)
current process WorkingSet (physical memory assigned to process): 11M, peak: 11M
current process commit charge ("private bytes"): 56M, peak: 57M

vm_info: Java HotSpot(TM) 64-Bit Server VM (18.0.2.1+1-1) for windows-amd64 JRE (18.0.2.1+1-1), built on Aug 16 2022 01:46:33 by "mach5one" with MS VC++ 16.8 / 16.9 (VS2019)

END.
